2022-07-21 08:58:08 - [{"mesa":"1","ordem":"0","codigo":"500","descricao":"RODIZIO","departament":"1","quantidade":"1.0","vlunitario":"59.9","vltotal":"59.9","tsw":"0","datahora":"20220721085807","codvend":1,"obsprod":"","adicionais":[],"composicao":[]}] - teste
2022-07-21 08:58:09 - insert - INSERT INTO mesaitem(mesa, ordem, codigo, descricao, obsprod, quantidade, vlunitario, precodig, vltotal, datahora, departamen, tsw, adicional, codvend, comiss, composic, controle) VALUES('1', '816', '500', 'RODIZIO', '', '1.0', '59.9', '59.9', '59.9', '20220721085807', '1', '0', '0', '1', 'S', '0', '120220720155824');
2022-07-21 08:58:09 - insert - update tabmesas set status = 'O', controle = '120220720155824', tsw = 0 where mesa = 1
2022-07-21 08:58:20 - [{"mesa":"1","ordem":"0","codigo":"500","descricao":"RODIZIO","departament":"1","quantidade":"1.0","vlunitario":"59.9","vltotal":"59.9","tsw":"0","datahora":"20220721085816","codvend":1,"obsprod":"","adicionais":[],"composicao":[]}] - teste
2022-07-21 08:58:20 - insert - INSERT INTO mesaitem(mesa, ordem, codigo, descricao, obsprod, quantidade, vlunitario, precodig, vltotal, datahora, departamen, tsw, adicional, codvend, comiss, composic, controle) VALUES('1', '817', '500', 'RODIZIO', '', '1.0', '59.9', '59.9', '59.9', '20220721085816', '1', '0', '0', '1', 'S', '0', '120220720155824');
2022-07-21 08:58:20 - insert - update tabmesas set status = 'O', controle = '120220720155824', tsw = 0 where mesa = 1
2022-07-21 08:58:40 - [{"mesa":"1","ordem":"0","codigo":"499","descricao":"MEIO RODIZIO","departament":"1","quantidade":"1.0","vlunitario":"30.0","vltotal":"30.0","tsw":"0","datahora":"20220721085837","codvend":1,"obsprod":"","adicionais":[],"composicao":[]}] - teste
2022-07-21 08:58:41 - insert - INSERT INTO mesaitem(mesa, ordem, codigo, descricao, obsprod, quantidade, vlunitario, precodig, vltotal, datahora, departamen, tsw, adicional, codvend, comiss, composic, controle) VALUES('1', '818', '499', 'MEIO RODIZIO', '', '1.0', '30.0', '30.0', '30.0', '20220721085837', '1', '0', '0', '1', 'S', '0', '120220720155824');
2022-07-21 08:58:41 - insert - update tabmesas set status = 'O', controle = '120220720155824', tsw = 0 where mesa = 1
2022-07-21 08:59:07 - [{"mesa":"1","ordem":"0","codigo":"500","descricao":"RODIZIO","departament":"1","quantidade":"1.0","vlunitario":"59.9","vltotal":"59.9","tsw":"0","datahora":"20220721085906","codvend":1,"obsprod":"","adicionais":[],"composicao":[]}] - teste
2022-07-21 08:59:07 - insert - INSERT INTO mesaitem(mesa, ordem, codigo, descricao, obsprod, quantidade, vlunitario, precodig, vltotal, datahora, departamen, tsw, adicional, codvend, comiss, composic, controle) VALUES('1', '819', '500', 'RODIZIO', '', '1.0', '59.9', '59.9', '59.9', '20220721085906', '1', '0', '0', '1', 'S', '0', '120220720155824');
2022-07-21 08:59:07 - insert - update tabmesas set status = 'O', controle = '120220720155824', tsw = 0 where mesa = 1
2022-07-21 08:59:14 - [{"mesa":"1","ordem":"0","codigo":"500","descricao":"RODIZIO","departament":"1","quantidade":"1.0","vlunitario":"59.9","vltotal":"59.9","tsw":"0","datahora":"20220721085913","codvend":1,"obsprod":"","adicionais":[],"composicao":[]}] - teste
2022-07-21 08:59:14 - insert - INSERT INTO mesaitem(mesa, ordem, codigo, descricao, obsprod, quantidade, vlunitario, precodig, vltotal, datahora, departamen, tsw, adicional, codvend, comiss, composic, controle) VALUES('1', '820', '500', 'RODIZIO', '', '1.0', '59.9', '59.9', '59.9', '20220721085913', '1', '0', '0', '1', 'S', '0', '120220720155824');
2022-07-21 08:59:14 - insert - update tabmesas set status = 'O', controle = '120220720155824', tsw = 0 where mesa = 1
2022-07-21 08:59:22 - [{"mesa":"1","ordem":"0","codigo":"500","descricao":"RODIZIO","departament":"1","quantidade":"1.0","vlunitario":"59.9","vltotal":"59.9","tsw":"0","datahora":"20220721085921","codvend":1,"obsprod":"","adicionais":[],"composicao":[]}] - teste
2022-07-21 08:59:23 - insert - INSERT INTO mesaitem(mesa, ordem, codigo, descricao, obsprod, quantidade, vlunitario, precodig, vltotal, datahora, departamen, tsw, adicional, codvend, comiss, composic, controle) VALUES('1', '821', '500', 'RODIZIO', '', '1.0', '59.9', '59.9', '59.9', '20220721085921', '1', '0', '0', '1', 'S', '0', '120220720155824');
2022-07-21 08:59:23 - insert - update tabmesas set status = 'O', controle = '120220720155824', tsw = 0 where mesa = 1
2022-07-21 09:00:24 - [{"mesa":"1","ordem":"0","codigo":"455","descricao":"HEINEKEN 600ML","departament":"3","quantidade":"1.0","vlunitario":"16.0","vltotal":"16.0","tsw":"0","datahora":"20220721090023","codvend":1,"obsprod":"","adicionais":[],"composicao":[]}] - teste
2022-07-21 09:00:25 - insert - INSERT INTO mesaitem(mesa, ordem, codigo, descricao, obsprod, quantidade, vlunitario, precodig, vltotal, datahora, departamen, tsw, adicional, codvend, comiss, composic, controle) VALUES('1', '822', '455', 'HEINEKEN 600ML', '', '1.0', '16.0', '16.0', '16.0', '20220721090023', '3', '0', '0', '1', 'S', '0', '120220720155824');
2022-07-21 09:00:25 - insert - update tabmesas set status = 'O', controle = '120220720155824', tsw = 0 where mesa = 1
2022-07-21 09:00:32 - [{"mesa":"1","ordem":"0","codigo":"500","descricao":"RODIZIO","departament":"1","quantidade":"1.0","vlunitario":"59.9","vltotal":"59.9","tsw":"0","datahora":"20220721090031","codvend":1,"obsprod":"","adicionais":[],"composicao":[]}] - teste
2022-07-21 09:00:33 - insert - INSERT INTO mesaitem(mesa, ordem, codigo, descricao, obsprod, quantidade, vlunitario, precodig, vltotal, datahora, departamen, tsw, adicional, codvend, comiss, composic, controle) VALUES('1', '823', '500', 'RODIZIO', '', '1.0', '59.9', '59.9', '59.9', '20220721090031', '1', '0', '0', '1', 'S', '0', '120220720155824');
2022-07-21 09:00:33 - insert - update tabmesas set status = 'O', controle = '120220720155824', tsw = 0 where mesa = 1
2022-07-21 09:00:41 - [{"mesa":"1","ordem":"0","codigo":"500","descricao":"RODIZIO","departament":"1","quantidade":"1.0","vlunitario":"59.9","vltotal":"59.9","tsw":"0","datahora":"20220721090040","codvend":1,"obsprod":"","adicionais":[],"composicao":[]}] - teste
2022-07-21 09:00:42 - insert - INSERT INTO mesaitem(mesa, ordem, codigo, descricao, obsprod, quantidade, vlunitario, precodig, vltotal, datahora, departamen, tsw, adicional, codvend, comiss, composic, controle) VALUES('1', '824', '500', 'RODIZIO', '', '1.0', '59.9', '59.9', '59.9', '20220721090040', '1', '0', '0', '1', 'S', '0', '120220720155824');
2022-07-21 09:00:42 - insert - update tabmesas set status = 'O', controle = '120220720155824', tsw = 0 where mesa = 1
2022-07-21 09:00:57 - [{"mesa":"1","ordem":"0","codigo":"500","descricao":"RODIZIO","departament":"1","quantidade":"1.0","vlunitario":"59.9","vltotal":"59.9","tsw":"0","datahora":"20220721090056","codvend":1,"obsprod":"","adicionais":[],"composicao":[]}] - teste
2022-07-21 09:00:57 - insert - INSERT INTO mesaitem(mesa, ordem, codigo, descricao, obsprod, quantidade, vlunitario, precodig, vltotal, datahora, departamen, tsw, adicional, codvend, comiss, composic, controle) VALUES('1', '825', '500', 'RODIZIO', '', '1.0', '59.9', '59.9', '59.9', '20220721090056', '1', '0', '0', '1', 'S', '0', '120220720155824');
2022-07-21 09:00:57 - insert - update tabmesas set status = 'O', controle = '120220720155824', tsw = 0 where mesa = 1
2022-07-21 09:01:03 - [{"mesa":"1","ordem":"0","codigo":"500","descricao":"RODIZIO","departament":"1","quantidade":"1.0","vlunitario":"59.9","vltotal":"59.9","tsw":"0","datahora":"20220721090102","codvend":1,"obsprod":"","adicionais":[],"composicao":[]}] - teste
2022-07-21 09:01:03 - insert - INSERT INTO mesaitem(mesa, ordem, codigo, descricao, obsprod, quantidade, vlunitario, precodig, vltotal, datahora, departamen, tsw, adicional, codvend, comiss, composic, controle) VALUES('1', '826', '500', 'RODIZIO', '', '1.0', '59.9', '59.9', '59.9', '20220721090102', '1', '0', '0', '1', 'S', '0', '120220720155824');
2022-07-21 09:01:04 - insert - update tabmesas set status = 'O', controle = '120220720155824', tsw = 0 where mesa = 1
